[01m[K/home/imirdo/marine_ws/src/vessel_kinematics/src/disturbances_node.cpp:55:2:[m[K [01;31m[Kerror: [m[Kexpected â€˜[01m[K;[m[Kâ€™ after class definition
   55 | }
      |  [01;31m[K^[m[K
      |  [32m[K;[m[K
[01m[K/home/imirdo/marine_ws/src/vessel_kinematics/src/disturbances_node.cpp:[m[K In member function â€˜[01m[Kvoid DisturbancesNode::[01;32m[KFirstOrderWaves[m[K()[m[Kâ€™:
[01m[K/home/imirdo/marine_ws/src/vessel_kinematics/src/disturbances_node.cpp:45:5:[m[K [01;31m[Kerror: [m[Kâ€˜[01m[Ktau_wave_[m[Kâ€™ was not declared in this scope; did you mean â€˜[01m[KA_wave_[m[Kâ€™?
   45 |     [01;31m[Ktau_wave_[m[K                         = first_order_waves; // TODO + second_order_waves
      |     [01;31m[K^~~~~~~~~[m[K
      |     [32m[KA_wave_[m[K
gmake[2]: *** [CMakeFiles/disturbances_node.dir/build.make:76: CMakeFiles/disturbances_node.dir/src/disturbances_node.cpp.o] Error 1
gmake[1]: *** [CMakeFiles/Makefile2:249: CMakeFiles/disturbances_node.dir/all] Error 2
gmake: *** [Makefile:146: all] Error 2
