-- Found ament_cmake: 2.5.4 (/opt/ros/jazzy/share/ament_cmake/cmake)
-- Found rclcpp: 28.1.11 (/opt/ros/jazzy/share/rclcpp/cmake)
-- Found rosidl_generator_c: 4.6.6 (/opt/ros/jazzy/share/rosidl_generator_c/cmake)
-- Found rosidl_generator_cpp: 4.6.6 (/opt/ros/jazzy/share/rosidl_generator_cpp/cmake)
-- Using all available rosidl_typesupport_c: rosidl_typesupport_fastrtps_c;rosidl_typesupport_introspection_c
-- Using all available rosidl_typesupport_cpp: rosidl_typesupport_fastrtps_cpp;rosidl_typesupport_introspection_cpp
-- Found rmw_implementation_cmake: 7.3.2 (/opt/ros/jazzy/share/rmw_implementation_cmake/cmake)
-- Found rmw_fastrtps_cpp: 8.4.3 (/opt/ros/jazzy/share/rmw_fastrtps_cpp/cmake)
-- Using RMW implementation 'rmw_fastrtps_cpp' as default
-- Found geometry_msgs: 5.3.6 (/opt/ros/jazzy/share/geometry_msgs/cmake)
-- Found nav_msgs: 5.3.6 (/opt/ros/jazzy/share/nav_msgs/cmake)
-- Found tf2_ros: 0.36.14 (/opt/ros/jazzy/share/tf2_ros/cmake)
-- Found osqp_vendor: 0.2.0 (/opt/ros/jazzy/share/osqp_vendor/cmake)
-- Found ament_lint_auto: 0.17.3 (/opt/ros/jazzy/share/ament_lint_auto/cmake)
-- Added test 'cppcheck' to perform static code analysis on C / C++ code
-- Configured cppcheck include dirs: $<BUILD_INTERFACE:/home/imirdo/marine_ws/src/vessel_kinematics/include>
-- Configured cppcheck exclude dirs and/or files: 
-- Added test 'flake8' to check Python code syntax and style conventions
-- Configured 'flake8' exclude dirs and/or files: 
-- Added test 'lint_cmake' to check CMake code style
-- Added test 'pep257' to check Python code against some of the docstring style conventions in PEP 257
-- Added test 'uncrustify' to check C / C++ code style
-- Configured uncrustify additional arguments: 
-- Added test 'xmllint' to check XML markup files
-- Configuring done (2.0s)
-- Generating done (0.0s)
-- Build files have been written to: /home/imirdo/marine_ws/src/vessel_kinematics/build/vessel_kinematics
[ 20%] Built target vessel_lib
[ 40%] Built target milliampere_dynamics_node
[ 50%] [32mBuilding CXX object CMakeFiles/disturbances_node.dir/src/disturbances_node.cpp.o[0m
[ 70%] Built target thrust_allocator_node
[ 80%] [32m[1mLinking CXX executable milliampere_controller_node[0m
[ 90%] Built target milliampere_controller_node
[01m[K/home/imirdo/marine_ws/src/vessel_kinematics/src/disturbances_node.cpp:55:2:[m[K [01;31m[Kerror: [m[Kexpected â€˜[01m[K;[m[Kâ€™ after class definition
   55 | }
      |  [01;31m[K^[m[K
      |  [32m[K;[m[K
[01m[K/home/imirdo/marine_ws/src/vessel_kinematics/src/disturbances_node.cpp:[m[K In member function â€˜[01m[Kvoid DisturbancesNode::[01;32m[KFirstOrderWaves[m[K()[m[Kâ€™:
[01m[K/home/imirdo/marine_ws/src/vessel_kinematics/src/disturbances_node.cpp:45:5:[m[K [01;31m[Kerror: [m[Kâ€˜[01m[Ktau_wave_[m[Kâ€™ was not declared in this scope; did you mean â€˜[01m[KA_wave_[m[Kâ€™?
   45 |     [01;31m[Ktau_wave_[m[K                         = first_order_waves; // TODO + second_order_waves
      |     [01;31m[K^~~~~~~~~[m[K
      |     [32m[KA_wave_[m[K
gmake[2]: *** [CMakeFiles/disturbances_node.dir/build.make:76: CMakeFiles/disturbances_node.dir/src/disturbances_node.cpp.o] Error 1
gmake[1]: *** [CMakeFiles/Makefile2:249: CMakeFiles/disturbances_node.dir/all] Error 2
gmake: *** [Makefile:146: all] Error 2
