[0.022s] Invoking command in '/home/imirdo/marine_ws/src/vessel_kinematics/build/vessel_kinematics': CMAKE_PREFIX_PATH=${CMAKE_PREFIX_PATH}:/home/imirdo/turtlebot3_ws/install/turtlebot3_teleop:/home/imirdo/turtlebot3_ws/install/turtlebot3_example:/opt/ros/jazzy DEBUGINFOD_URLS=https://debuginfod.ubuntu.com /usr/bin/cmake --build /home/imirdo/marine_ws/src/vessel_kinematics/build/vessel_kinematics -- -j28 -l28
[0.084s] -- Found ament_cmake: 2.5.4 (/opt/ros/jazzy/share/ament_cmake/cmake)
[0.621s] -- Found rclcpp: 28.1.11 (/opt/ros/jazzy/share/rclcpp/cmake)
[0.698s] -- Found rosidl_generator_c: 4.6.6 (/opt/ros/jazzy/share/rosidl_generator_c/cmake)
[0.716s] -- Found rosidl_generator_cpp: 4.6.6 (/opt/ros/jazzy/share/rosidl_generator_cpp/cmake)
[0.743s] -- Using all available rosidl_typesupport_c: rosidl_typesupport_fastrtps_c;rosidl_typesupport_introspection_c
[0.776s] -- Using all available rosidl_typesupport_cpp: rosidl_typesupport_fastrtps_cpp;rosidl_typesupport_introspection_cpp
[0.958s] -- Found rmw_implementation_cmake: 7.3.2 (/opt/ros/jazzy/share/rmw_implementation_cmake/cmake)
[0.963s] -- Found rmw_fastrtps_cpp: 8.4.3 (/opt/ros/jazzy/share/rmw_fastrtps_cpp/cmake)
[1.142s] -- Using RMW implementation 'rmw_fastrtps_cpp' as default
[1.329s] -- Found geometry_msgs: 5.3.6 (/opt/ros/jazzy/share/geometry_msgs/cmake)
[1.408s] -- Found nav_msgs: 5.3.6 (/opt/ros/jazzy/share/nav_msgs/cmake)
[1.467s] -- Found tf2_ros: 0.36.14 (/opt/ros/jazzy/share/tf2_ros/cmake)
[1.681s] -- Found osqp_vendor: 0.2.0 (/opt/ros/jazzy/share/osqp_vendor/cmake)
[1.684s] -- Found ament_lint_auto: 0.17.3 (/opt/ros/jazzy/share/ament_lint_auto/cmake)
[1.988s] -- Added test 'cppcheck' to perform static code analysis on C / C++ code
[1.989s] -- Configured cppcheck include dirs: $<BUILD_INTERFACE:/home/imirdo/marine_ws/src/vessel_kinematics/include>
[1.989s] -- Configured cppcheck exclude dirs and/or files: 
[2.001s] -- Added test 'flake8' to check Python code syntax and style conventions
[2.001s] -- Configured 'flake8' exclude dirs and/or files: 
[2.023s] -- Added test 'lint_cmake' to check CMake code style
[2.036s] -- Added test 'pep257' to check Python code against some of the docstring style conventions in PEP 257
[2.135s] -- Added test 'uncrustify' to check C / C++ code style
[2.135s] -- Configured uncrustify additional arguments: 
[2.149s] -- Added test 'xmllint' to check XML markup files
[2.150s] -- Configuring done (2.1s)
[2.197s] -- Generating done (0.0s)
[2.213s] -- Build files have been written to: /home/imirdo/marine_ws/src/vessel_kinematics/build/vessel_kinematics
[2.289s] [ 10%] [32mBuilding CXX object CMakeFiles/disturbances_node.dir/src/disturbances_node.cpp.o[0m
[2.302s] [ 30%] Built target vessel_lib
[2.310s] [ 40%] [32mBuilding CXX object CMakeFiles/milliampere_dynamics_node.dir/src/milliampere_dynamics_node.cpp.o[0m
[2.392s] [ 60%] Built target thrust_allocator_node
[2.392s] [ 70%] [32mBuilding CXX object CMakeFiles/milliampere_controller_node.dir/src/milliampere_controller_node.cpp.o[0m
[2.731s] In file included from [01m[K/home/imirdo/marine_ws/src/vessel_kinematics/src/disturbances_node.cpp:2[m[K:
[2.731s] [01m[K/home/imirdo/marine_ws/src/vessel_kinematics/include/vessel_kinematics/utils.hpp:3:10:[m[K [01;31m[Kfatal error: [m[KEigen/Dense: No such file or directory
[2.731s]     3 | #include [01;31m[K<Eigen/Dense>[m[K
[2.731s]       |          [01;31m[K^~~~~~~~~~~~~[m[K
[2.732s] compilation terminated.
[2.736s] gmake[2]: *** [CMakeFiles/disturbances_node.dir/build.make:76: CMakeFiles/disturbances_node.dir/src/disturbances_node.cpp.o] Error 1
[2.736s] gmake[1]: *** [CMakeFiles/Makefile2:249: CMakeFiles/disturbances_node.dir/all] Error 2
[2.737s] gmake[1]: *** Waiting for unfinished jobs....
[6.033s] gmake[2]: *** [CMakeFiles/milliampere_dynamics_node.dir/build.make:76: CMakeFiles/milliampere_dynamics_node.dir/src/milliampere_dynamics_node.cpp.o] Interrupt
[6.033s] gmake[2]: *** [CMakeFiles/milliampere_controller_node.dir/build.make:76: CMakeFiles/milliampere_controller_node.dir/src/milliampere_controller_node.cpp.o] Interrupt
[6.033s] gmake[1]: *** [CMakeFiles/Makefile2:223: CMakeFiles/milliampere_controller_node.dir/all] Interrupt
[6.034s] gmake[1]: *** [CMakeFiles/Makefile2:145: CMakeFiles/milliampere_dynamics_node.dir/all] Interrupt
[6.034s] gmake: *** [Makefile:146: all] Interrupt
[6.069s] Invoked command in '/home/imirdo/marine_ws/src/vessel_kinematics/build/vessel_kinematics' returned '-2': CMAKE_PREFIX_PATH=${CMAKE_PREFIX_PATH}:/home/imirdo/turtlebot3_ws/install/turtlebot3_teleop:/home/imirdo/turtlebot3_ws/install/turtlebot3_example:/opt/ros/jazzy DEBUGINFOD_URLS=https://debuginfod.ubuntu.com /usr/bin/cmake --build /home/imirdo/marine_ws/src/vessel_kinematics/build/vessel_kinematics -- -j28 -l28
