<?xml version="1.0" encoding="UTF-8"?>
<Site BuildName="(empty)"
	BuildStamp="20250904-0718-Experimental"
	Name="furkan-83fd"
	Generator="ctest-3.28.3"
	CompilerName="/usr/bin/g++"
	CompilerVersion="13.3.0"
	OSName="Linux"
	Hostname="furkan-83fd"
	OSRelease="6.14.0-29-generic"
	OSVersion="#29~24.04.1-Ubuntu SMP PREEMPT_DYNAMIC Thu Aug 14 16:52:50 UTC 2"
	OSPlatform="x86_64"
	Is64Bits="1"
	VendorString="GenuineIntel"
	VendorID="Intel Corporation"
	FamilyID="6"
	ModelID="183"
	ProcessorCacheSize="33792"
	NumberOfLogicalCPU="28"
	NumberOfPhysicalCPU="20"
	TotalVirtualMemory="511"
	TotalPhysicalMemory="31798"
	LogicalProcessorsPerPhysical="1"
	ProcessorClockFrequency="1266.45"
	>
	<Testing>
		<StartDateTime>Sep 04 10:18 +03</StartDateTime>
		<StartTestTime>1756970323</StartTestTime>
		<TestList/>
		<EndDateTime>Sep 04 10:18 +03</EndDateTime>
		<EndTestTime>1756970323</EndTestTime>
		<ElapsedMinutes>0</ElapsedMinutes>
	</Testing>
</Site>
